2023-11-24 09:25:51.216 INFO  [background-preinit] [o.h.validator.internal.util.Version] - HV000001: Hibernate Validator 6.2.5.Final
2023-11-24 09:25:51.216 INFO  [restartedMain] [com.shop.ShopApplication] - Starting ShopApplication using Java 17.0.7 on FULL8-008 with PID 8700 (D:\doyouni\team251116\team25\build\classes\java\main started by db400tea in D:\doyouni\team251116\team25)
2023-11-24 09:25:51.218 INFO  [restartedMain] [com.shop.ShopApplication] - No active profile set, falling back to 1 default profile: "default"
2023-11-24 09:25:51.368 INFO  [restartedMain] [o.s.b.d.e.DevToolsPropertyDefaultsPostProcessor] - Devtools property defaults active! Set 'spring.devtools.add-properties' to 'false' to disable
2023-11-24 09:25:51.371 INFO  [restartedMain] [o.s.b.d.e.DevToolsPropertyDefaultsPostProcessor] - For additional web related logging consider setting the 'logging.level.web' property to 'DEBUG'
2023-11-24 09:25:52.258 INFO  [restartedMain] [o.s.b.w.embedded.tomcat.TomcatWebServer] - Tomcat initialized with port(s): 8085 (http)
2023-11-24 09:25:52.264 INFO  [restartedMain] [o.apache.coyote.http11.Http11NioProtocol] - Initializing ProtocolHandler ["http-nio-8085"]
2023-11-24 09:25:52.265 INFO  [restartedMain] [org.apache.catalina.core.StandardService] - Starting service [Tomcat]
2023-11-24 09:25:52.265 INFO  [restartedMain] [org.apache.catalina.core.StandardEngine] - Starting Servlet engine: [Apache Tomcat/9.0.82]
2023-11-24 09:25:52.303 INFO  [restartedMain] [o.a.c.c.C.[Tomcat].[localhost].[/]] - Initializing Spring embedded WebApplicationContext
2023-11-24 09:25:52.303 INFO  [restartedMain] [o.s.b.w.s.c.ServletWebServerApplicationContext] - Root WebApplicationContext: initialization completed in 932 ms
2023-11-24 09:25:52.604 INFO  [restartedMain] [o.s.s.web.DefaultSecurityFilterChain] - Will secure any request with [org.springframework.security.web.session.DisableEncodeUrlFilter@91cb2e6, org.springframework.security.web.context.request.async.WebAsyncManagerIntegrationFilter@7b864031, org.springframework.security.web.context.SecurityContextPersistenceFilter@534527b1, org.springframework.security.web.header.HeaderWriterFilter@6ec0dc40, org.springframework.security.web.authentication.logout.LogoutFilter@2dca6fe, org.springframework.security.web.authentication.UsernamePasswordAuthenticationFilter@69f3737f, org.springframework.security.web.session.ConcurrentSessionFilter@12e8c65b, org.springframework.security.web.savedrequest.RequestCacheAwareFilter@5d35bf26, org.springframework.security.web.servletapi.SecurityContextHolderAwareRequestFilter@4547b02f, org.springframework.security.web.authentication.AnonymousAuthenticationFilter@773314ff, org.springframework.security.web.session.SessionManagementFilter@3d39effa, org.springframework.security.web.access.ExceptionTranslationFilter@5231d80f, org.springframework.security.web.access.intercept.FilterSecurityInterceptor@4984b9d8]
2023-11-24 09:25:52.733 INFO  [restartedMain] [o.s.b.a.w.s.WelcomePageHandlerMapping] - Adding welcome page template: index
2023-11-24 09:25:52.841 INFO  [restartedMain] [o.s.b.d.a.OptionalLiveReloadServer] - LiveReload server is running on port 35729
2023-11-24 09:25:52.853 INFO  [restartedMain] [o.apache.coyote.http11.Http11NioProtocol] - Starting ProtocolHandler ["http-nio-8085"]
2023-11-24 09:25:52.865 INFO  [restartedMain] [o.s.b.w.embedded.tomcat.TomcatWebServer] - Tomcat started on port(s): 8085 (http) with context path ''
2023-11-24 09:25:52.866 INFO  [restartedMain] [o.s.m.s.b.SimpleBrokerMessageHandler] - Starting...
2023-11-24 09:25:52.866 INFO  [restartedMain] [o.s.m.s.b.SimpleBrokerMessageHandler] - BrokerAvailabilityEvent[available=true, SimpleBrokerMessageHandler [org.springframework.messaging.simp.broker.DefaultSubscriptionRegistry@1c81e115]]
2023-11-24 09:25:52.867 INFO  [restartedMain] [o.s.m.s.b.SimpleBrokerMessageHandler] - Started.
2023-11-24 09:25:52.873 INFO  [restartedMain] [com.shop.ShopApplication] - Started ShopApplication in 1.831 seconds (JVM running for 3.336)
2023-11-24 09:26:15.380 INFO  [http-nio-8085-exec-1] [o.a.c.c.C.[Tomcat].[localhost].[/]] - Initializing Spring DispatcherServlet 'dispatcherServlet'
2023-11-24 09:26:15.380 INFO  [http-nio-8085-exec-1] [o.s.web.servlet.DispatcherServlet] - Initializing Servlet 'dispatcherServlet'
2023-11-24 09:26:15.381 INFO  [http-nio-8085-exec-1] [o.s.web.servlet.DispatcherServlet] - Completed initialization in 1 ms
2023-11-24 09:26:15.414 INFO  [http-nio-8085-exec-1] [com.zaxxer.hikari.HikariDataSource] - HikariPool-1 - Starting...
2023-11-24 09:26:15.469 INFO  [http-nio-8085-exec-1] [com.zaxxer.hikari.HikariDataSource] - HikariPool-1 - Start completed.
2023-11-24 09:26:52.660 INFO  [MessageBroker-1] [o.s.w.s.c.WebSocketMessageBrokerStats] - WebSocketSession[0 current WS(0)-HttpStream(0)-HttpPoll(0), 0 total, 0 closed abnormally (0 connect failure, 0 send limit, 0 transport error)], stompSubProtocol[processed CONNECT(0)-CONNECTED(0)-DISCONNECT(0)], stompBrokerRelay[null], inboundChannel[pool size = 0, active threads = 0, queued tasks = 0, completed tasks = 0], outboundChannel[pool size = 0, active threads = 0, queued tasks = 0, completed tasks = 0], sockJsScheduler[pool size = 1, active threads = 1, queued tasks = 0, completed tasks = 0]
2023-11-24 09:27:21.604 INFO  [SpringApplicationShutdownHook] [o.s.m.s.b.SimpleBrokerMessageHandler] - Stopping...
2023-11-24 09:27:21.604 INFO  [SpringApplicationShutdownHook] [o.s.m.s.b.SimpleBrokerMessageHandler] - BrokerAvailabilityEvent[available=false, SimpleBrokerMessageHandler [org.springframework.messaging.simp.broker.DefaultSubscriptionRegistry@1c81e115]]
2023-11-24 09:27:21.604 INFO  [SpringApplicationShutdownHook] [o.s.m.s.b.SimpleBrokerMessageHandler] - Stopped.
2023-11-24 09:27:21.619 INFO  [SpringApplicationShutdownHook] [com.zaxxer.hikari.HikariDataSource] - HikariPool-1 - Shutdown initiated...
2023-11-24 09:27:21.629 INFO  [SpringApplicationShutdownHook] [com.zaxxer.hikari.HikariDataSource] - HikariPool-1 - Shutdown completed.
